Arguments: 
  /usr/local/bin/node /usr/local/bin/yarn add babel-core@7.0.0-bridge.0

PATH: 
  /usr/local/bin:/usr/bin:/bin:/usr/sbin:/sbin:/Library/Java/JavaVirtualMachines/jdk1.8.0_131.jdk/Contents/Home/bin:/Users/sshri7/Desktop/Techwork/apache-maven-3.3.9/bin

Yarn version: 
  0.24.6

Node version: 
  8.11.3

Platform: 
  darwin x64

npm manifest: 
  {
    "name": "kia2.0",
    "version": "2.0.0",
    "description": "KIA US prototype",
    "main": "index.js",
    "scripts": {
      "test": "echo \"Error: no test specified\" && exit 1",
      "build": "webpack --watch"
    },
    "repository": {
      "type": "git",
      "url": "git+https://github.com/shashmca/kia2.git"
    },
    "keywords": [
      "kia"
    ],
    "author": "shashank",
    "license": "ISC",
    "bugs": {
      "url": "https://github.com/shashmca/kia2/issues"
    },
    "homepage": "https://github.com/shashmca/kia2#readme",
    "devDependencies": {
      "@babel/cli": "^7.0.0-beta.54",
      "@babel/core": "^7.0.0-beta.54",
      "@babel/preset-env": "^7.0.0-beta.54",
      "babel-core": "^6.26.3",
      "babel-eslint": "^8.2.6",
      "babel-loader": "^7.1.5",
      "babel-preset-env": "^1.7.0",
      "css-loader": "^1.0.0",
      "eslint": "^5.1.0",
      "eslint-loader": "^2.0.0",
      "jshint": "^2.9.5",
      "sass-loader": "^7.0.3",
      "style-loader": "^0.21.0",
      "webpack": "^4.16.1",
      "webpack-cli": "^3.1.0"
    }
  }

yarn manifest: 
  No manifest

Lockfile: 
  No lockfile

Trace: 
  Error: EACCES: permission denied, mkdir '/Users/shashriv/Library/Caches/Yarn/v1/npm-@babel/core-7.0.0-beta.54-253c54d0095403a5cfa764e7d9b458194692d02b'
